Nov-16 14:58:20.880 [main] DEBUG nextflow.cli.Launcher - $> nextflow run ./main.nf
Nov-16 14:58:21.230 [main] INFO  nextflow.cli.CmdRun - N E X T F L O W  ~  version 21.04.3
Nov-16 14:58:21.332 [main] INFO  nextflow.cli.CmdRun - Launching `./main.nf` [mad_monod] - revision: 74317a5edd
Nov-16 14:58:21.372 [main] DEBUG nextflow.config.ConfigBuilder - Found config local: /home/htnani/NF-RNAseq/nextflow.config
Nov-16 14:58:21.374 [main] DEBUG nextflow.config.ConfigBuilder - Parsing config file: /home/htnani/NF-RNAseq/nextflow.config
Nov-16 14:58:21.437 [main] DEBUG nextflow.config.ConfigBuilder - Applying config profile: `standard`
Nov-16 14:58:23.254 [main] DEBUG nextflow.plugin.PluginsFacade - Setting up plugin manager > mode=prod; plugins-dir=/home/htnani/.nextflow/plugins
Nov-16 14:58:23.258 [main] DEBUG nextflow.plugin.PluginsFacade - Plugins default=[]
Nov-16 14:58:23.263 [main] DEBUG nextflow.plugin.PluginsFacade - Plugins local root: .nextflow/plr/empty
Nov-16 14:58:23.290 [main] INFO  org.pf4j.DefaultPluginStatusProvider - Enabled plugins: []
Nov-16 14:58:23.291 [main] INFO  org.pf4j.DefaultPluginStatusProvider - Disabled plugins: []
Nov-16 14:58:23.298 [main] INFO  org.pf4j.DefaultPluginManager - PF4J version 3.4.1 in 'deployment' mode
Nov-16 14:58:23.315 [main] INFO  org.pf4j.AbstractPluginManager - No plugins
Nov-16 14:58:23.445 [main] DEBUG nextflow.Session - Session uuid: 51197a75-d1da-407b-8027-7128b4b7207a
Nov-16 14:58:23.446 [main] DEBUG nextflow.Session - Run name: mad_monod
Nov-16 14:58:23.447 [main] DEBUG nextflow.Session - Executor pool size: 24
Nov-16 14:58:23.602 [main] DEBUG nextflow.cli.CmdRun - 
  Version: 21.04.3 build 5560
  Created: 21-07-2021 15:09 UTC (17:09 CEST)
  System: Linux 4.15.0-142-generic
  Runtime: Groovy 3.0.7 on OpenJDK 64-Bit Server VM 1.8.0_292-8u292-b10-0ubuntu1~18.04-b10
  Encoding: UTF-8 (UTF-8)
  Process: 9043@simba [127.0.1.1]
  CPUs: 24 - Mem: 94.3 GB (22.8 GB) - Swap: 2 GB (1.2 GB)
Nov-16 14:58:23.647 [main] DEBUG nextflow.Session - Work-dir: /home/htnani/NF-RNAseq/work [ext2/ext3]
Nov-16 14:58:23.764 [main] DEBUG nextflow.executor.ExecutorFactory - Extension executors providers=[]
Nov-16 14:58:23.794 [main] DEBUG nextflow.Session - Observer factory: DefaultObserverFactory
Nov-16 14:58:24.283 [main] DEBUG nextflow.Session - Session start invoked
Nov-16 14:58:25.043 [main] DEBUG nextflow.script.ScriptRunner - > Launching execution
Nov-16 14:58:25.061 [main] INFO  nextflow.script.BaseScript -       LIST OF PARAMETERS
================================
            GENERAL
Data-folder      : /home/htnani/NF-RNAseq/testdata
Results-folder   : /home/htnani/NF-RNAseq/results
================================
      INPUT & REFERENCES 
Input-files      : /home/htnani/NF-RNAseq/testdata/*_{1,2}.fastq.gz
Reference genome : /home/htnani/NF-RNAseq/testdata/genome.fa
GTF-file         : /home/htnani/NF-RNAseq/testdata/annotation.gtf
================================
          TRIMMOMATIC
Sliding window   : SLIDINGWINDOW:4:15
Average quality  : AVGQUAL:30
================================
             STAR
Threads          : 2
Length-reads     : 98
SAindexNbases    : 10
================================
              METADATA
Metadata         : /home/htnani/NF-RNAseq/testdata/samples.txt
================================ 

Nov-16 14:58:26.413 [main] DEBUG nextflow.Session - Workflow process names [dsl2]: trimmomatic, countmatrix, star_idx, featurecounts, fastqc, fastqc_raw, fastqc_trim, finalcount, multiqc, deseq, star_alignment
Nov-16 14:58:26.711 [main] DEBUG nextflow.executor.ExecutorFactory - << taskConfig executor: null
Nov-16 14:58:26.711 [main] DEBUG nextflow.executor.ExecutorFactory - >> processorType: 'local'
Nov-16 14:58:26.719 [main] DEBUG nextflow.executor.Executor - [warm up] executor > local
Nov-16 14:58:26.730 [main] DEBUG n.processor.LocalPollingMonitor - Creating local task monitor for executor 'local' > cpus=24; memory=94.3 GB; capacity=24; pollInterval=100ms; dumpInterval=5m
Nov-16 14:58:26.890 [main] DEBUG nextflow.executor.ExecutorFactory - << taskConfig executor: null
Nov-16 14:58:26.891 [main] DEBUG nextflow.executor.ExecutorFactory - >> processorType: 'local'
Nov-16 14:58:26.907 [main] DEBUG nextflow.executor.ExecutorFactory - << taskConfig executor: null
Nov-16 14:58:26.907 [main] DEBUG nextflow.executor.ExecutorFactory - >> processorType: 'local'
Nov-16 14:58:26.917 [main] DEBUG nextflow.executor.ExecutorFactory - << taskConfig executor: null
Nov-16 14:58:26.917 [main] DEBUG nextflow.executor.ExecutorFactory - >> processorType: 'local'
Nov-16 14:58:26.945 [main] DEBUG nextflow.executor.ExecutorFactory - << taskConfig executor: null
Nov-16 14:58:26.945 [main] DEBUG nextflow.executor.ExecutorFactory - >> processorType: 'local'
Nov-16 14:58:26.982 [main] DEBUG nextflow.executor.ExecutorFactory - << taskConfig executor: null
Nov-16 14:58:26.982 [main] DEBUG nextflow.executor.ExecutorFactory - >> processorType: 'local'
Nov-16 14:58:26.997 [main] DEBUG nextflow.executor.ExecutorFactory - << taskConfig executor: null
Nov-16 14:58:26.997 [main] DEBUG nextflow.executor.ExecutorFactory - >> processorType: 'local'
Nov-16 14:58:27.011 [main] DEBUG nextflow.executor.ExecutorFactory - << taskConfig executor: null
Nov-16 14:58:27.011 [main] DEBUG nextflow.executor.ExecutorFactory - >> processorType: 'local'
Nov-16 14:58:27.022 [main] DEBUG nextflow.executor.ExecutorFactory - << taskConfig executor: null
Nov-16 14:58:27.022 [main] DEBUG nextflow.executor.ExecutorFactory - >> processorType: 'local'
Nov-16 14:58:27.029 [main] DEBUG nextflow.executor.ExecutorFactory - << taskConfig executor: null
Nov-16 14:58:27.029 [main] DEBUG nextflow.executor.ExecutorFactory - >> processorType: 'local'
Nov-16 14:58:27.034 [main] DEBUG nextflow.Session - Ignite dataflow network (11)
Nov-16 14:58:27.047 [PathVisitor-1] DEBUG nextflow.file.PathVisitor - files for syntax: glob; folder: /home/htnani/NF-RNAseq/testdata/; pattern: *_{1,2}.fastq.gz; options: [checkIfExists:true]
Nov-16 14:58:27.048 [main] DEBUG nextflow.processor.TaskProcessor - Starting process > fastqc_raw
Nov-16 14:58:27.050 [main] DEBUG nextflow.processor.TaskProcessor - Starting process > trimmomatic
Nov-16 14:58:27.051 [main] DEBUG nextflow.processor.TaskProcessor - Starting process > fastqc_trim
Nov-16 14:58:27.051 [main] DEBUG nextflow.processor.TaskProcessor - Starting process > star_idx
Nov-16 14:58:27.055 [main] DEBUG nextflow.processor.TaskProcessor - Starting process > star_alignment
Nov-16 14:58:27.056 [main] DEBUG nextflow.processor.TaskProcessor - Starting process > multiqc
Nov-16 14:58:27.057 [main] DEBUG nextflow.processor.TaskProcessor - Starting process > featurecounts
Nov-16 14:58:27.058 [main] DEBUG nextflow.processor.TaskProcessor - Starting process > finalcount
Nov-16 14:58:27.060 [main] DEBUG nextflow.processor.TaskProcessor - Starting process > countmatrix
Nov-16 14:58:27.061 [main] DEBUG nextflow.processor.TaskProcessor - Starting process > deseq
Nov-16 14:58:27.061 [main] DEBUG nextflow.script.ScriptRunner - > Await termination 
Nov-16 14:58:27.061 [main] DEBUG nextflow.Session - Session await
Nov-16 14:58:27.586 [Task submitter] DEBUG nextflow.executor.LocalTaskHandler - Launch cmd line: /bin/bash -ue .command.run
Nov-16 14:58:27.593 [Task submitter] INFO  nextflow.Session - [5c/0fe976] Submitted process > fastqc_raw (3)
Nov-16 14:58:27.602 [Task submitter] DEBUG nextflow.executor.LocalTaskHandler - Launch cmd line: /bin/bash -ue .command.run
Nov-16 14:58:27.603 [Task submitter] INFO  nextflow.Session - [6a/a6a180] Submitted process > trimmomatic (4)
Nov-16 14:58:27.615 [Task submitter] DEBUG nextflow.executor.LocalTaskHandler - Launch cmd line: /bin/bash -ue .command.run
Nov-16 14:58:27.616 [Task submitter] INFO  nextflow.Session - [70/c204d1] Submitted process > trimmomatic (2)
Nov-16 14:58:27.624 [Task submitter] DEBUG nextflow.executor.LocalTaskHandler - Launch cmd line: /bin/bash -ue .command.run
Nov-16 14:58:27.625 [Task submitter] INFO  nextflow.Session - [53/535af8] Submitted process > fastqc_raw (2)
Nov-16 14:58:27.630 [Task submitter] DEBUG nextflow.executor.LocalTaskHandler - Launch cmd line: /bin/bash -ue .command.run
Nov-16 14:58:27.631 [Task submitter] INFO  nextflow.Session - [78/c23e42] Submitted process > fastqc_raw (4)
Nov-16 14:58:27.638 [Task submitter] DEBUG nextflow.executor.LocalTaskHandler - Launch cmd line: /bin/bash -ue .command.run
Nov-16 14:58:27.639 [Task submitter] INFO  nextflow.Session - [0e/69b3f4] Submitted process > trimmomatic (1)
Nov-16 14:58:27.646 [Task submitter] DEBUG nextflow.executor.LocalTaskHandler - Launch cmd line: /bin/bash -ue .command.run
Nov-16 14:58:27.647 [Task submitter] INFO  nextflow.Session - [5d/547046] Submitted process > trimmomatic (3)
Nov-16 14:58:27.655 [Task submitter] DEBUG nextflow.executor.LocalTaskHandler - Launch cmd line: /bin/bash -ue .command.run
Nov-16 14:58:27.656 [Task submitter] INFO  nextflow.Session - [e4/3adf3c] Submitted process > fastqc_raw (1)
Nov-16 14:58:27.672 [Task submitter] DEBUG nextflow.executor.LocalTaskHandler - Launch cmd line: /bin/bash -ue .command.run
Nov-16 14:58:27.676 [Task submitter] INFO  nextflow.Session - [8d/a86d32] Submitted process > star_idx
Nov-16 14:58:27.691 [Task monitor] DEBUG n.processor.TaskPollingMonitor - Task completed > TaskHandler[id: 7; name: fastqc_raw (3); status: COMPLETED; exit: 127; error: -; workDir: /home/htnani/NF-RNAseq/work/5c/0fe9765e34893025f8bbaa61838f05]
Nov-16 14:58:27.738 [Task monitor] ERROR nextflow.processor.TaskProcessor - Error executing process > 'fastqc_raw (3)'

Caused by:
  Process `fastqc_raw (3)` terminated with an error exit status (127)

Command executed:

  fastqc mouse_cns_E14_rep1_1.fastq.gz mouse_cns_E14_rep1_2.fastq.gz

Command exit status:
  127

Command output:
  (empty)

Command error:
  .command.sh: line 2: fastqc: command not found

Work dir:
  /home/htnani/NF-RNAseq/work/5c/0fe9765e34893025f8bbaa61838f05

Tip: view the complete command output by changing to the process work dir and entering the command `cat .command.out`
Nov-16 14:58:27.750 [Task monitor] DEBUG nextflow.Session - Session aborted -- Cause: Process `fastqc_raw (3)` terminated with an error exit status (127)
Nov-16 14:58:27.779 [Task monitor] DEBUG nextflow.Session - The following nodes are still active:
[process] fastqc_trim
  status=ACTIVE
  port 0: (queue) OPEN  ; channel: -
  port 1: (cntrl) -     ; channel: $

[process] star_alignment
  status=ACTIVE
  port 0: (queue) OPEN  ; channel: -
  port 1: (value) OPEN  ; channel: indexDir
  port 2: (value) bound ; channel: gtf
  port 3: (cntrl) -     ; channel: $

[process] multiqc
  status=ACTIVE
  port 0: (value) OPEN  ; channel: inputfiles
  port 1: (cntrl) -     ; channel: $

[process] featurecounts
  status=ACTIVE
  port 0: (queue) OPEN  ; channel: -
  port 1: (value) bound ; channel: gtf
  port 2: (cntrl) -     ; channel: $

[process] finalcount
  status=ACTIVE
  port 0: (queue) OPEN  ; channel: -
  port 1: (cntrl) -     ; channel: $

[process] countmatrix
  status=ACTIVE
  port 0: (value) OPEN  ; channel: *counts.tsv
  port 1: (cntrl) -     ; channel: $

[process] deseq
  status=ACTIVE
  port 0: (value) OPEN  ; channel: countmatrix.tsv
  port 1: (value) bound ; channel: metadata
  port 2: (cntrl) -     ; channel: $

Nov-16 14:58:27.784 [Task monitor] INFO  nextflow.script.BaseScript - Oops... Pipeline execution stopped with the following message: /home/htnani/NF-RNAseq/work/5c/0fe9765e34893025f8bbaa61838f05/.command.sh: line 2: fastqc: command not found
Nov-16 14:58:27.824 [main] DEBUG nextflow.Session - Session await > all process finished
Nov-16 14:58:27.825 [main] DEBUG nextflow.Session - Session await > all barriers passed
Nov-16 14:58:27.828 [Task monitor] DEBUG n.processor.TaskPollingMonitor - Task completed > TaskHandler[id: 9; name: trimmomatic (4); status: COMPLETED; exit: 127; error: -; workDir: /home/htnani/NF-RNAseq/work/6a/a6a18031c7ce917c6996726cdd2a40]
Nov-16 14:58:27.832 [Task monitor] DEBUG n.processor.TaskPollingMonitor - Task completed > TaskHandler[id: 5; name: trimmomatic (2); status: COMPLETED; exit: 127; error: -; workDir: /home/htnani/NF-RNAseq/work/70/c204d1013d04f4ee5c11154fa630da]
Nov-16 14:58:27.835 [Task monitor] DEBUG n.processor.TaskPollingMonitor - Task completed > TaskHandler[id: 4; name: fastqc_raw (2); status: COMPLETED; exit: 127; error: -; workDir: /home/htnani/NF-RNAseq/work/53/535af81098464808d2f819382278f3]
Nov-16 14:58:27.839 [Task monitor] DEBUG n.processor.TaskPollingMonitor - Task completed > TaskHandler[id: 8; name: fastqc_raw (4); status: COMPLETED; exit: 127; error: -; workDir: /home/htnani/NF-RNAseq/work/78/c23e42fb7d534c59de8f0bec8df40d]
Nov-16 14:58:27.842 [main] INFO  nextflow.script.BaseScript - Pipeline completed at: 2021-11-16T14:58:27.826+01:00
Nov-16 14:58:27.845 [Task monitor] DEBUG n.processor.TaskPollingMonitor - Task completed > TaskHandler[id: 2; name: trimmomatic (1); status: COMPLETED; exit: 127; error: -; workDir: /home/htnani/NF-RNAseq/work/0e/69b3f4a873f5703abd97533048e484]
Nov-16 14:58:27.850 [Task monitor] DEBUG n.processor.TaskPollingMonitor - Task completed > TaskHandler[id: 6; name: trimmomatic (3); status: COMPLETED; exit: 127; error: -; workDir: /home/htnani/NF-RNAseq/work/5d/5470468bdfc084e26cd263e248d13d]
Nov-16 14:58:27.856 [Task monitor] DEBUG n.processor.TaskPollingMonitor - Task completed > TaskHandler[id: 3; name: fastqc_raw (1); status: COMPLETED; exit: 127; error: -; workDir: /home/htnani/NF-RNAseq/work/e4/3adf3c6d03a0c11182e7777cabd66d]
Nov-16 14:58:27.856 [main] INFO  nextflow.script.BaseScript - Time to complete workflow execution: 4s
Nov-16 14:58:27.857 [main] INFO  nextflow.script.BaseScript - Execution status: Failed
Nov-16 14:58:27.862 [Task monitor] DEBUG n.processor.TaskPollingMonitor - Task completed > TaskHandler[id: 1; name: star_idx; status: COMPLETED; exit: 127; error: -; workDir: /home/htnani/NF-RNAseq/work/8d/a86d3295323fc781a45a2d59473566]
Nov-16 14:58:27.866 [main] DEBUG nextflow.trace.WorkflowStatsObserver - Workflow completed > WorkflowStats[succeededCount=0; failedCount=9; ignoredCount=0; cachedCount=0; pendingCount=0; submittedCount=0; runningCount=0; retriesCount=0; abortedCount=0; succeedDuration=0ms; failedDuration=790ms; cachedDuration=0ms;loadCpus=0; loadMemory=0; peakRunning=5; peakCpus=5; peakMemory=0; ]
Nov-16 14:58:28.004 [main] DEBUG nextflow.CacheDB - Closing CacheDB done
Nov-16 14:58:28.022 [main] DEBUG nextflow.script.ScriptRunner - > Execution complete -- Goodbye
